
===========================================================================
report_clock_skew
============================================================================
Clock clk
Latency      CRPR       Skew
_35216_/CLK ^
  11.34
_35258_/CLK ^
   3.54     -0.33       7.47

Clock clk_hkspi_sck
Latency      CRPR       Skew
_35302_/CLK ^
   2.51
_35303_/CLK ^
   1.17     -0.14       1.21

Clock dll_clk
Latency      CRPR       Skew
_35276_/CLK ^
   3.99
_35289_/CLK ^
   0.52     -0.04       3.43

Clock dll_clk90
Latency      CRPR       Skew
_35157_/CLK ^
   5.54
_35158_/CLK ^
   1.71     -0.15       3.68

Clock spi_master
Latency      CRPR       Skew
_35392_/CLK ^
  14.26
_33662_/CLK ^
   8.42     -0.91       4.93

