
===========================================================================
 report_power
============================================================================
======================= Fastest Corner ===================================

Group                  Internal  Switching    Leakage      Total
                          Power      Power      Power      Power (Watts)
----------------------------------------------------------------
Sequential             1.00e-02   9.95e-04   5.61e-06   1.10e-02  21.1%
Combinational          1.86e-02   2.27e-02   7.79e-07   4.13e-02  78.9%
Macro                  0.00e+00   0.00e+00   0.00e+00   0.00e+00   0.0%
Pad                    0.00e+00   0.00e+00   0.00e+00   0.00e+00   0.0%
----------------------------------------------------------------
Total                  2.86e-02   2.37e-02   6.39e-06   5.23e-02 100.0%
                          54.7%      45.3%       0.0%

======================= Slowest Corner ===================================

Group                  Internal  Switching    Leakage      Total
                          Power      Power      Power      Power (Watts)
----------------------------------------------------------------
Sequential             6.86e-03   6.54e-04   7.30e-05   7.58e-03  21.0%
Combinational          1.32e-02   1.52e-02   2.41e-04   2.86e-02  79.0%
Macro                  0.00e+00   0.00e+00   0.00e+00   0.00e+00   0.0%
Pad                    0.00e+00   0.00e+00   0.00e+00   0.00e+00   0.0%
----------------------------------------------------------------
Total                  2.00e-02   1.58e-02   3.14e-04   3.61e-02 100.0%
                          55.4%      43.8%       0.9%

======================= Typical Corner ===================================

Group                  Internal  Switching    Leakage      Total
                          Power      Power      Power      Power (Watts)
----------------------------------------------------------------
Sequential             8.68e-03   8.36e-04   5.58e-06   9.52e-03  21.1%
Combinational          1.63e-02   1.93e-02   3.47e-07   3.56e-02  78.9%
Macro                  0.00e+00   0.00e+00   0.00e+00   0.00e+00   0.0%
Pad                    0.00e+00   0.00e+00   0.00e+00   0.00e+00   0.0%
----------------------------------------------------------------
Total                  2.50e-02   2.01e-02   5.93e-06   4.51e-02 100.0%
                          55.4%      44.6%       0.0%

