
===========================================================================
report_clock_skew
============================================================================
Clock clk
Latency      CRPR       Skew
_35216_/CLK ^
  11.02
_35258_/CLK ^
   3.47     -0.32       7.23

Clock clk_hkspi_sck
Latency      CRPR       Skew
_35302_/CLK ^
   2.45
_35303_/CLK ^
   1.15     -0.14       1.17

Clock dll_clk
Latency      CRPR       Skew
_35276_/CLK ^
   3.91
_35289_/CLK ^
   0.50     -0.04       3.37

Clock dll_clk90
Latency      CRPR       Skew
_35160_/CLK ^
   5.41
_35158_/CLK ^
   1.65     -0.15       3.62

Clock spi_master
Latency      CRPR       Skew
_35392_/CLK ^
  13.80
_33662_/CLK ^
   8.14     -0.88       4.78

