
===========================================================================
report_clock_skew
============================================================================
Clock clk
Latency      CRPR       Skew
_34215_/CLK ^
   4.98
_34254_/CLK ^
   1.69     -0.13       3.17

Clock clk_hkspi_sck
Latency      CRPR       Skew
_34299_/CLK ^
   1.84
_34300_/CLK ^
   0.86     -0.10       0.88

Clock spi_master
Latency      CRPR       Skew
_34355_/CLK ^
   6.64
_32651_/CLK ^
   3.84     -0.41       2.39

