_04844_ 
_04993_ 
_08185_ 
_10479_ 
_13380_ 
_15072_ 
_15090_ 
cpu.picorv32_core.irq_mask\[15\] 
cpu.picorv32_core.reg_pc\[28\] 
genblk1\[0\].gpio_wb.cpu_gpio_out 
genblk1\[23\].gpio_wb.gpio_ctrl.iomem_rdata\[15\] 
genblk1\[23\].gpio_wb.gpio_ctrl.iomem_rdata\[2\] 
hkspi.aux_div\[1\] 
simpleuart.simpleuart.enabled 
net116 
net117 
net594 
net846 
net862 
net1012 
net1051 
net1061 
net1066 
net1387 
net1587 
net1588 
net1775 
net1860 
net1893 
net2166 
net2290 
net2904 
net3109 
net3168 
net3200 
net3220 
net3338 
net3349 
net3367 
net3463 
net3513 
net3582 
net3642 
net4050 
clknet_1_0__leaf_gpio_in[38] 
net8791 
net9045 
net9310 
net9763 
net10028 
net10959 