
===========================================================================
report_clock_skew
============================================================================
Clock clk
Latency      CRPR       Skew
openframe_example/_35216_/CLK ^
   6.92
openframe_example/_35258_/CLK ^
   2.69     -0.24       3.99

Clock clk_hkspi_sck
Latency      CRPR       Skew
openframe_example/_35302_/CLK ^
   2.24
openframe_example/_35303_/CLK ^
   1.39     -0.17       0.69

Clock dll_clk
Latency      CRPR       Skew
openframe_example/_35276_/CLK ^
   2.08
openframe_example/_35289_/CLK ^
   0.29     -0.02       1.77

Clock dll_clk90
Latency      CRPR       Skew
openframe_example/_35157_/CLK ^
   2.88
openframe_example/_35158_/CLK ^
   0.92     -0.08       1.88

