[INFO]: Run Directory: /home/karim/work/caravel_openframe_project/openlane/openframe_project_wrapper/runs/RUN_2023.06.11_15.42.54
[INFO]: Saving runtime environment...
[INFO]: Preparing LEF files for the nom corner...
[INFO]: Preparing LEF files for the min corner...
[INFO]: Preparing LEF files for the max corner...
[INFO]: Running Synthesis (log: ../caravel_openframe_project/openlane/openframe_project_wrapper/runs/RUN_2023.06.11_15.42.54/logs/synthesis/1-synthesis.log)...
[INFO]: Running Single-Corner Static Timing Analysis (log: ../caravel_openframe_project/openlane/openframe_project_wrapper/runs/RUN_2023.06.11_15.42.54/logs/synthesis/2-sta.log)...
[INFO]: Creating a netlist with power/ground pins.
[INFO]: Running Initial Floorplanning (log: ../caravel_openframe_project/openlane/openframe_project_wrapper/runs/RUN_2023.06.11_15.42.54/logs/floorplan/3-initial_fp.log)...
[INFO]: Floorplanned with width 3086.6 and height 4683.84.
[INFO]: Running IO Placement...
[INFO]: Applying DEF template...
[INFO]: Performing Manual Macro Placement (log: ../caravel_openframe_project/openlane/openframe_project_wrapper/runs/RUN_2023.06.11_15.42.54/logs/placement/5-macro_placement.log)...
[INFO]: Running Tap/Decap Insertion (log: ../caravel_openframe_project/openlane/openframe_project_wrapper/runs/RUN_2023.06.11_15.42.54/logs/floorplan/6-tap.log)...
[INFO]: Power planning with power {vccd1} and ground {vssd1}...
[INFO]: Generating PDN (log: ../caravel_openframe_project/openlane/openframe_project_wrapper/runs/RUN_2023.06.11_15.42.54/logs/floorplan/7-pdn.log)...
[INFO]: Running Global Placement (log: ../caravel_openframe_project/openlane/openframe_project_wrapper/runs/RUN_2023.06.11_15.42.54/logs/placement/8-global.log)...
[INFO]: Running Single-Corner Static Timing Analysis (log: ../caravel_openframe_project/openlane/openframe_project_wrapper/runs/RUN_2023.06.11_15.42.54/logs/placement/9-gpl_sta.log)...
[INFO]: Running Placement Resizer Design Optimizations (log: ../caravel_openframe_project/openlane/openframe_project_wrapper/runs/RUN_2023.06.11_15.42.54/logs/placement/10-resizer.log)...
[INFO]: Running Detailed Placement (log: ../caravel_openframe_project/openlane/openframe_project_wrapper/runs/RUN_2023.06.11_15.42.54/logs/placement/11-detailed.log)...
[INFO]: Running Single-Corner Static Timing Analysis (log: ../caravel_openframe_project/openlane/openframe_project_wrapper/runs/RUN_2023.06.11_15.42.54/logs/placement/12-dpl_sta.log)...
[INFO]: Running Placement Resizer Timing Optimizations (log: ../caravel_openframe_project/openlane/openframe_project_wrapper/runs/RUN_2023.06.11_15.42.54/logs/cts/13-resizer.log)...
[INFO]: Running Global Routing Resizer Design Optimizations (log: ../caravel_openframe_project/openlane/openframe_project_wrapper/runs/RUN_2023.06.11_15.42.54/logs/routing/14-resizer_design.log)...
[INFO]: Running Single-Corner Static Timing Analysis (log: ../caravel_openframe_project/openlane/openframe_project_wrapper/runs/RUN_2023.06.11_15.42.54/logs/routing/15-rsz_design_sta.log)...
[INFO]: Running Global Routing Resizer Timing Optimizations (log: ../caravel_openframe_project/openlane/openframe_project_wrapper/runs/RUN_2023.06.11_15.42.54/logs/routing/16-resizer_timing.log)...
[INFO]: Running Single-Corner Static Timing Analysis (log: ../caravel_openframe_project/openlane/openframe_project_wrapper/runs/RUN_2023.06.11_15.42.54/logs/routing/17-rsz_timing_sta.log)...
[INFO]: Running Global Routing (log: ../caravel_openframe_project/openlane/openframe_project_wrapper/runs/RUN_2023.06.11_15.42.54/logs/routing/18-global.log)...
[INFO]: Writing Verilog (log: ../caravel_openframe_project/openlane/openframe_project_wrapper/runs/RUN_2023.06.11_15.42.54/logs/routing/18-global_write_netlist.log)...
[INFO]: Running Single-Corner Static Timing Analysis (log: ../caravel_openframe_project/openlane/openframe_project_wrapper/runs/RUN_2023.06.11_15.42.54/logs/routing/20-grt_sta.log)...
[INFO]: Running Fill Insertion (log: ../caravel_openframe_project/openlane/openframe_project_wrapper/runs/RUN_2023.06.11_15.42.54/logs/routing/21-fill.log)...
[INFO]: Running Detailed Routing (log: ../caravel_openframe_project/openlane/openframe_project_wrapper/runs/RUN_2023.06.11_15.42.54/logs/routing/22-detailed.log)...
[INFO]: No DRC violations after detailed routing.
[INFO]: Checking Wire Lengths (log: ../caravel_openframe_project/openlane/openframe_project_wrapper/runs/RUN_2023.06.11_15.42.54/logs/routing/23-wire_lengths.log)...
[INFO]: Running SPEF Extraction at the min process corner (log: ../caravel_openframe_project/openlane/openframe_project_wrapper/runs/RUN_2023.06.11_15.42.54/logs/signoff/24-parasitics_extraction.min.log)...
[INFO]: Running Multi-Corner Static Timing Analysis at the min process corner (log: ../caravel_openframe_project/openlane/openframe_project_wrapper/runs/RUN_2023.06.11_15.42.54/logs/signoff/25-rcx_mcsta.min.log)...
[INFO]: Running SPEF Extraction at the max process corner (log: ../caravel_openframe_project/openlane/openframe_project_wrapper/runs/RUN_2023.06.11_15.42.54/logs/signoff/26-parasitics_extraction.max.log)...
[INFO]: Running Multi-Corner Static Timing Analysis at the max process corner (log: ../caravel_openframe_project/openlane/openframe_project_wrapper/runs/RUN_2023.06.11_15.42.54/logs/signoff/27-rcx_mcsta.max.log)...
[INFO]: Running SPEF Extraction at the nom process corner (log: ../caravel_openframe_project/openlane/openframe_project_wrapper/runs/RUN_2023.06.11_15.42.54/logs/signoff/28-parasitics_extraction.nom.log)...
[INFO]: Running Multi-Corner Static Timing Analysis at the nom process corner (log: ../caravel_openframe_project/openlane/openframe_project_wrapper/runs/RUN_2023.06.11_15.42.54/logs/signoff/29-rcx_mcsta.nom.log)...
[INFO]: Running Single-Corner Static Timing Analysis at the nom process corner (log: ../caravel_openframe_project/openlane/openframe_project_wrapper/runs/RUN_2023.06.11_15.42.54/logs/signoff/30-rcx_sta.log)...
[WARNING]: Module sky130_ef_sc_hd__decap_12 blackboxed during sta
[WARNING]: Module sky130_fd_sc_hd__fill_1 blackboxed during sta
[WARNING]: Module sky130_fd_sc_hd__fill_2 blackboxed during sta
[WARNING]: Module sky130_fd_sc_hd__tapvpwrvgnd_1 blackboxed during sta
[WARNING]: Module sky130_sram_2kbyte_1rw1r_32x512_8 blackboxed during sta
[INFO]: Running Magic to generate various views...
[INFO]: Streaming out GDSII with Magic (log: ../caravel_openframe_project/openlane/openframe_project_wrapper/runs/RUN_2023.06.11_15.42.54/logs/signoff/31-gdsii.log)...
[INFO]: Streaming out GDSII with KLayout (log: ../caravel_openframe_project/openlane/openframe_project_wrapper/runs/RUN_2023.06.11_15.42.54/logs/signoff/32-gdsii-klayout.log)...
[INFO]: Running OpenROAD Antenna Rule Checker (log: ../caravel_openframe_project/openlane/openframe_project_wrapper/runs/RUN_2023.06.11_15.42.54/logs/signoff/33-antenna.log)...
[INFO]: Saving current set of views in '../caravel_openframe_project/openlane/openframe_project_wrapper/runs/RUN_2023.06.11_15.42.54/results/final'...
[INFO]: Saving current set of views in '../caravel_openframe_project'...
[INFO]: Saving runtime environment...
[INFO]: Generating final set of reports...
[INFO]: Created manufacturability report at '../caravel_openframe_project/openlane/openframe_project_wrapper/runs/RUN_2023.06.11_15.42.54/reports/manufacturability.rpt'.
[INFO]: Created metrics report at '../caravel_openframe_project/openlane/openframe_project_wrapper/runs/RUN_2023.06.11_15.42.54/reports/metrics.csv'.
[WARNING]: There are max slew violations in the design at the typical corner. Please refer to '../caravel_openframe_project/openlane/openframe_project_wrapper/runs/RUN_2023.06.11_15.42.54/reports/signoff/30-rcx_sta.checks.rpt'.
[WARNING]: There are max fanout violations in the design at the typical corner. Please refer to '../caravel_openframe_project/openlane/openframe_project_wrapper/runs/RUN_2023.06.11_15.42.54/reports/signoff/30-rcx_sta.checks.rpt'.
[WARNING]: There are max capacitance violations in the design at the typical corner. Please refer to '../caravel_openframe_project/openlane/openframe_project_wrapper/runs/RUN_2023.06.11_15.42.54/reports/signoff/30-rcx_sta.checks.rpt'.
[WARNING]: There are hold violations in the design at the typical corner. Please refer to '../caravel_openframe_project/openlane/openframe_project_wrapper/runs/RUN_2023.06.11_15.42.54/reports/signoff/30-rcx_sta.min.rpt'.
[INFO]: There are no setup violations in the design at the typical corner.
[SUCCESS]: Flow complete.
[INFO]: Note that the following warnings have been generated:
