
===========================================================================
 report_power
============================================================================
======================= Fastest Corner ===================================

Group                  Internal  Switching    Leakage      Total
                          Power      Power      Power      Power (Watts)
----------------------------------------------------------------
Sequential             1.00e-02   1.01e-03   5.66e-06   1.11e-02  20.5%
Combinational          1.92e-02   2.38e-02   1.36e-06   4.30e-02  79.5%
Macro                  0.00e+00   0.00e+00   0.00e+00   0.00e+00   0.0%
Pad                    0.00e+00   0.00e+00   0.00e+00   0.00e+00   0.0%
----------------------------------------------------------------
Total                  2.92e-02   2.48e-02   7.02e-06   5.41e-02 100.0%
                          54.0%      46.0%       0.0%

======================= Slowest Corner ===================================

Group                  Internal  Switching    Leakage      Total
                          Power      Power      Power      Power (Watts)
----------------------------------------------------------------
Sequential             6.86e-03   6.65e-04   7.32e-05   7.60e-03  20.3%
Combinational          1.36e-02   1.59e-02   2.63e-04   2.98e-02  79.7%
Macro                  0.00e+00   0.00e+00   0.00e+00   0.00e+00   0.0%
Pad                    0.00e+00   0.00e+00   0.00e+00   0.00e+00   0.0%
----------------------------------------------------------------
Total                  2.05e-02   1.66e-02   3.36e-04   3.74e-02 100.0%
                          54.8%      44.3%       0.9%

======================= Typical Corner ===================================

Group                  Internal  Switching    Leakage      Total
                          Power      Power      Power      Power (Watts)
----------------------------------------------------------------
Sequential             8.69e-03   8.50e-04   5.63e-06   9.55e-03  20.5%
Combinational          1.68e-02   2.02e-02   8.86e-07   3.71e-02  79.5%
Macro                  0.00e+00   0.00e+00   0.00e+00   0.00e+00   0.0%
Pad                    0.00e+00   0.00e+00   0.00e+00   0.00e+00   0.0%
----------------------------------------------------------------
Total                  2.55e-02   2.11e-02   6.51e-06   4.66e-02 100.0%
                          54.8%      45.2%       0.0%

