
===========================================================================
report_clock_skew
============================================================================
Clock clk
Latency      CRPR       Skew
openframe_example/_35223_/CLK ^
  12.82
openframe_example/_35250_/CLK ^
   5.18     -0.52       7.11

Clock clk_hkspi_sck
Latency      CRPR       Skew
openframe_example/_35302_/CLK ^
   3.71
openframe_example/_35303_/CLK ^
   2.19     -0.27       1.26

Clock dll_clk
Latency      CRPR       Skew
openframe_example/_35276_/CLK ^
   4.49
openframe_example/_35282_/CLK ^
   1.13     -0.12       3.25

Clock dll_clk90
Latency      CRPR       Skew
openframe_example/_35131_/CLK ^
   6.46
openframe_example/_35182_/CLK ^
   2.10     -0.17       4.20

