
===========================================================================
report_clock_skew
============================================================================
Clock clk
Latency      CRPR       Skew
openframe_example/_35223_/CLK ^
  12.36
openframe_example/_35250_/CLK ^
   5.04     -0.50       6.81

Clock clk_hkspi_sck
Latency      CRPR       Skew
openframe_example/_35302_/CLK ^
   3.60
openframe_example/_35303_/CLK ^
   2.13     -0.27       1.21

Clock dll_clk
Latency      CRPR       Skew
openframe_example/_35276_/CLK ^
   4.36
openframe_example/_35282_/CLK ^
   1.05     -0.11       3.20

Clock dll_clk90
Latency      CRPR       Skew
openframe_example/_35131_/CLK ^
   6.25
openframe_example/_35182_/CLK ^
   1.99     -0.16       4.10

