
===========================================================================
 report_power
============================================================================
======================= Fastest Corner ===================================

Group                  Internal  Switching    Leakage      Total
                          Power      Power      Power      Power (Watts)
----------------------------------------------------------------
Sequential             1.00e-02   9.49e-04   5.61e-06   1.10e-02  20.9%
Combinational          1.91e-02   2.24e-02   1.39e-06   4.16e-02  79.1%
Macro                  0.00e+00   0.00e+00   0.00e+00   0.00e+00   0.0%
Pad                    0.00e+00   0.00e+00   0.00e+00   0.00e+00   0.0%
----------------------------------------------------------------
Total                  2.92e-02   2.34e-02   7.00e-06   5.26e-02 100.0%
                          55.5%      44.5%       0.0%

======================= Slowest Corner ===================================

Group                  Internal  Switching    Leakage      Total
                          Power      Power      Power      Power (Watts)
----------------------------------------------------------------
Sequential             6.86e-03   6.23e-04   7.30e-05   7.56e-03  20.8%
Combinational          1.36e-02   1.50e-02   2.67e-04   2.88e-02  79.2%
Macro                  0.00e+00   0.00e+00   0.00e+00   0.00e+00   0.0%
Pad                    0.00e+00   0.00e+00   0.00e+00   0.00e+00   0.0%
----------------------------------------------------------------
Total                  2.04e-02   1.56e-02   3.40e-04   3.64e-02 100.0%
                          56.2%      42.9%       0.9%

======================= Typical Corner ===================================

Group                  Internal  Switching    Leakage      Total
                          Power      Power      Power      Power (Watts)
----------------------------------------------------------------
Sequential             8.69e-03   7.97e-04   5.58e-06   9.49e-03  20.9%
Combinational          1.68e-02   1.90e-02   8.99e-07   3.59e-02  79.1%
Macro                  0.00e+00   0.00e+00   0.00e+00   0.00e+00   0.0%
Pad                    0.00e+00   0.00e+00   0.00e+00   0.00e+00   0.0%
----------------------------------------------------------------
Total                  2.55e-02   1.98e-02   6.48e-06   4.54e-02 100.0%
                          56.2%      43.8%       0.0%

