
===========================================================================
 report_power
============================================================================
======================= Fastest Corner ===================================

Group                  Internal  Switching    Leakage      Total
                          Power      Power      Power      Power (Watts)
----------------------------------------------------------------
Sequential             1.00e-02   1.05e-03   5.61e-06   1.11e-02  20.7%
Combinational          1.86e-02   2.39e-02   7.79e-07   4.24e-02  79.3%
Macro                  0.00e+00   0.00e+00   0.00e+00   0.00e+00   0.0%
Pad                    0.00e+00   0.00e+00   0.00e+00   0.00e+00   0.0%
----------------------------------------------------------------
Total                  2.86e-02   2.49e-02   6.39e-06   5.35e-02 100.0%
                          53.5%      46.5%       0.0%

======================= Slowest Corner ===================================

Group                  Internal  Switching    Leakage      Total
                          Power      Power      Power      Power (Watts)
----------------------------------------------------------------
Sequential             6.85e-03   6.89e-04   7.30e-05   7.61e-03  20.6%
Combinational          1.32e-02   1.59e-02   2.41e-04   2.93e-02  79.4%
Macro                  0.00e+00   0.00e+00   0.00e+00   0.00e+00   0.0%
Pad                    0.00e+00   0.00e+00   0.00e+00   0.00e+00   0.0%
----------------------------------------------------------------
Total                  2.00e-02   1.66e-02   3.14e-04   3.69e-02 100.0%
                          54.2%      45.0%       0.8%

======================= Typical Corner ===================================

Group                  Internal  Switching    Leakage      Total
                          Power      Power      Power      Power (Watts)
----------------------------------------------------------------
Sequential             8.68e-03   8.81e-04   5.58e-06   9.57e-03  20.7%
Combinational          1.63e-02   2.03e-02   3.47e-07   3.65e-02  79.3%
Macro                  0.00e+00   0.00e+00   0.00e+00   0.00e+00   0.0%
Pad                    0.00e+00   0.00e+00   0.00e+00   0.00e+00   0.0%
----------------------------------------------------------------
Total                  2.50e-02   2.11e-02   5.93e-06   4.61e-02 100.0%
                          54.2%      45.8%       0.0%

