Instance name,  X location,  Y location,  Voltage 
FILLER_0_22_113, 61.84, 68, 1.8
FILLER_0_22_121, 61.84, 68, 1.8
ringosc.dstage\[3\].id.delayint0, 61.84, 68, 1.8
FILLER_0_20_111, 61.84, 62.56, 1.8
FILLER_0_21_109, 61.84, 62.56, 1.8
FILLER_0_21_121, 61.84, 62.56, 1.8
fanout6, 61.84, 62.56, 1.8
ringosc.dstage\[3\].id.delaybuf1, 61.84, 62.56, 1.8
ringosc.dstage\[3\].id.delayen0, 61.84, 62.56, 1.8
ringosc.dstage\[3\].id.delayen1, 61.84, 62.56, 1.8
ringosc.dstage\[3\].id.delayenb1, 61.84, 62.56, 1.8
FILLER_0_19_109, 61.84, 57.12, 1.8
FILLER_0_19_118, 61.84, 57.12, 1.8
FILLER_0_19_133, 61.84, 57.12, 1.8
FILLER_0_20_132, 61.84, 57.12, 1.8
_302_, 61.84, 57.12, 1.8
_308_, 61.84, 57.12, 1.8
_342_, 61.84, 57.12, 1.8
_347_, 61.84, 57.12, 1.8
_356_, 61.84, 57.12, 1.8
fanout5, 61.84, 57.12, 1.8
FILLER_0_16_115, 61.84, 51.68, 1.8
FILLER_0_17_108, 61.84, 51.68, 1.8
FILLER_0_17_113, 61.84, 51.68, 1.8
FILLER_0_18_126, 61.84, 51.68, 1.8
_252_, 61.84, 51.68, 1.8
_349_, 61.84, 51.68, 1.8
_353_, 61.84, 51.68, 1.8
_355_, 61.84, 51.68, 1.8
fanout27, 61.84, 51.68, 1.8
fanout29, 61.84, 51.68, 1.8
FILLER_0_14_113, 61.84, 46.24, 1.8
FILLER_0_15_109, 61.84, 46.24, 1.8
FILLER_0_15_113, 61.84, 46.24, 1.8
FILLER_0_15_130, 61.84, 46.24, 1.8
_240_, 61.84, 46.24, 1.8
_346_, 61.84, 46.24, 1.8
_348_, 61.84, 46.24, 1.8
_351_, 61.84, 46.24, 1.8
_360_, 61.84, 46.24, 1.8
fanout11, 61.84, 46.24, 1.8
fanout13, 61.84, 46.24, 1.8
FILLER_0_12_122, 61.84, 40.8, 1.8
FILLER_0_13_117, 61.84, 40.8, 1.8
FILLER_0_13_130, 61.84, 40.8, 1.8
_185_, 61.84, 40.8, 1.8
_186_, 61.84, 40.8, 1.8
_236_, 61.84, 40.8, 1.8
_237_, 61.84, 40.8, 1.8
_239_, 61.84, 40.8, 1.8
_255_, 61.84, 40.8, 1.8
_256_, 61.84, 40.8, 1.8
_341_, 61.84, 40.8, 1.8
FILLER_0_10_118, 61.84, 35.36, 1.8
FILLER_0_11_122, 61.84, 35.36, 1.8
FILLER_0_11_134, 61.84, 35.36, 1.8
_257_, 61.84, 35.36, 1.8
_263_, 61.84, 35.36, 1.8
_264_, 61.84, 35.36, 1.8
_274_, 61.84, 35.36, 1.8
FILLER_0_8_119, 61.84, 29.92, 1.8
FILLER_0_9_109, 61.84, 29.92, 1.8
FILLER_0_9_118, 61.84, 29.92, 1.8
FILLER_0_9_131, 61.84, 29.92, 1.8
_266_, 61.84, 29.92, 1.8
_267_, 61.84, 29.92, 1.8
fanout9, 61.84, 29.92, 1.8
ringosc.ibufp00, 61.84, 29.92, 1.8
ANTENNA__401__CLK, 61.84, 24.48, 1.8
ANTENNA__402__CLK, 61.84, 24.48, 1.8
FILLER_0_7_134, 61.84, 24.48, 1.8
_265_, 61.84, 24.48, 1.8
_379_, 61.84, 24.48, 1.8
_382_, 61.84, 24.48, 1.8
_402_, 61.84, 24.48, 1.8
fanout16, 61.84, 24.48, 1.8
ANTENNA__397__CLK, 61.84, 19.04, 1.8
ANTENNA__398__CLK, 61.84, 19.04, 1.8
FILLER_0_4_122, 61.84, 19.04, 1.8
FILLER_0_5_113, 61.84, 19.04, 1.8
FILLER_0_5_131, 61.84, 19.04, 1.8
FILLER_0_6_129, 61.84, 19.04, 1.8
_374_, 61.84, 19.04, 1.8
fanout18, 61.84, 19.04, 1.8
ANTENNA__396__CLK, 61.84, 13.6, 1.8
ANTENNA__411__CLK, 61.84, 13.6, 1.8
FILLER_0_2_120, 61.84, 13.6, 1.8
_369_, 61.84, 13.6, 1.8
_411_, 61.84, 13.6, 1.8
ANTENNA__406__CLK, 61.84, 8.16, 1.8
FILLER_0_0_113, 61.84, 8.16, 1.8
FILLER_0_0_132, 61.84, 8.16, 1.8
FILLER_0_2_132, 61.84, 8.16, 1.8
_383_, 61.84, 8.16, 1.8
_388_, 61.84, 8.16, 1.8
_406_, 61.84, 8.16, 1.8
FILLER_0_22_35, 21.84, 68, 1.8
ringosc.dstage\[6\].id.delayen1, 21.84, 68, 1.8
FILLER_0_20_29, 21.84, 62.56, 1.8
FILLER_0_22_42, 21.84, 62.56, 1.8
_328_, 21.84, 62.56, 1.8
ringosc.dstage\[6\].id.delaybuf1, 21.84, 62.56, 1.8
ringosc.dstage\[6\].id.delayen0, 21.84, 62.56, 1.8
ringosc.dstage\[6\].id.delayenb0, 21.84, 62.56, 1.8
FILLER_0_18_29, 21.84, 57.12, 1.8
FILLER_0_19_27, 21.84, 57.12, 1.8
FILLER_0_19_46, 21.84, 57.12, 1.8
FILLER_0_20_45, 21.84, 57.12, 1.8
_317_, 21.84, 57.12, 1.8
ringosc.dstage\[4\].id.delayenb0, 21.84, 57.12, 1.8
ringosc.dstage\[5\].id.delaybuf0, 21.84, 57.12, 1.8
ringosc.dstage\[6\].id.delayint0, 21.84, 57.12, 1.8
FILLER_0_16_29, 21.84, 51.68, 1.8
FILLER_0_17_48, 21.84, 51.68, 1.8
ringosc.dstage\[1\].id.delayint0, 21.84, 51.68, 1.8
ringosc.dstage\[2\].id.delaybuf0, 21.84, 51.68, 1.8
ringosc.dstage\[4\].id.delayen0, 21.84, 51.68, 1.8
FILLER_0_15_41, 21.84, 46.24, 1.8
FILLER_0_16_46, 21.84, 46.24, 1.8
ringosc.dstage\[1\].id.delayen0, 21.84, 46.24, 1.8
ringosc.dstage\[1\].id.delayen1, 21.84, 46.24, 1.8
ringosc.dstage\[1\].id.delayenb1, 21.84, 46.24, 1.8
FILLER_0_12_29, 21.84, 40.8, 1.8
FILLER_0_13_46, 21.84, 40.8, 1.8
FILLER_0_14_37, 21.84, 40.8, 1.8
FILLER_0_14_44, 21.84, 40.8, 1.8
ringosc.dstage\[0\].id.delayen0, 21.84, 40.8, 1.8
ringosc.dstage\[0\].id.delayenb0, 21.84, 40.8, 1.8
ringosc.dstage\[0\].id.delayint0, 21.84, 40.8, 1.8
ringosc.dstage\[1\].id.delaybuf0, 21.84, 40.8, 1.8
_197_, 21.84, 35.36, 1.8
_212_, 21.84, 35.36, 1.8
_213_, 21.84, 35.36, 1.8
FILLER_0_9_38, 21.84, 29.92, 1.8
FILLER_0_9_45, 21.84, 29.92, 1.8
_218_, 21.84, 29.92, 1.8
_233_, 21.84, 29.92, 1.8
_367_, 21.84, 29.92, 1.8
FILLER_0_6_29, 21.84, 24.48, 1.8
FILLER_0_7_48, 21.84, 24.48, 1.8
_199_, 21.84, 24.48, 1.8
_211_, 21.84, 24.48, 1.8
_217_, 21.84, 24.48, 1.8
_219_, 21.84, 24.48, 1.8
fanout15, 21.84, 24.48, 1.8
fanout19, 21.84, 24.48, 1.8
ANTENNA__413__CLK, 21.84, 19.04, 1.8
FILLER_0_4_29, 21.84, 19.04, 1.8
FILLER_0_6_44, 21.84, 19.04, 1.8
_216_, 21.84, 19.04, 1.8
_390_, 21.84, 19.04, 1.8
_412_, 21.84, 19.04, 1.8
fanout20, 21.84, 19.04, 1.8
FILLER_0_2_33, 21.84, 13.6, 1.8
FILLER_0_3_29, 21.84, 13.6, 1.8
FILLER_0_3_36, 21.84, 13.6, 1.8
_207_, 21.84, 13.6, 1.8
_208_, 21.84, 13.6, 1.8
_210_, 21.84, 13.6, 1.8
_224_, 21.84, 13.6, 1.8
_386_, 21.84, 13.6, 1.8
ANTENNA__409__CLK, 21.84, 8.16, 1.8
FILLER_0_0_31, 21.84, 8.16, 1.8
FILLER_0_0_37, 21.84, 8.16, 1.8
FILLER_0_1_29, 21.84, 8.16, 1.8
FILLER_0_2_41, 21.84, 8.16, 1.8
_194_, 21.84, 8.16, 1.8
_205_, 21.84, 8.16, 1.8
_209_, 21.84, 8.16, 1.8
_387_, 21.84, 8.16, 1.8
_410_, 21.84, 8.16, 1.8
PHY_44, 5.52, 68, 1.8
FILLER_0_22_182, 94.3, 68, 1.8
PHY_45, 94.3, 68, 1.8
FILLER_0_22_53, 35.173, 68, 1.8
_324_, 35.173, 68, 1.8
FILLER_0_22_81, 48.506, 68, 1.8
ringosc.dstage\[7\].id.delaybuf1, 48.506, 68, 1.8
ringosc.dstage\[7\].id.delayint0, 48.506, 68, 1.8
FILLER_0_22_136, 72.66, 68, 1.8
ringosc.dstage\[2\].id.delayen0, 72.66, 68, 1.8
FILLER_0_22_160, 83.48, 68, 1.8
ringosc.dstage\[8\].id.delayint0, 83.48, 68, 1.8
PHY_40, 5.52, 62.56, 1.8
PHY_42, 5.52, 62.56, 1.8
FILLER_0_21_186, 94.3, 62.56, 1.8
PHY_41, 94.3, 62.56, 1.8
PHY_43, 94.3, 62.56, 1.8
ringosc.dstage\[9\].id.delaybuf0, 94.3, 62.56, 1.8
ringosc.dstage\[9\].id.delayint0, 94.3, 62.56, 1.8
FILLER_0_21_15, 13.68, 62.56, 1.8
ringosc.dstage\[6\].id.delaybuf0, 13.68, 62.56, 1.8
ringosc.dstage\[6\].id.delayenb1, 13.68, 62.56, 1.8
FILLER_0_20_53, 35.173, 62.56, 1.8
FILLER_0_20_61, 35.173, 62.56, 1.8
FILLER_0_22_71, 35.173, 62.56, 1.8
ringosc.dstage\[4\].id.delaybuf0, 35.173, 62.56, 1.8
ringosc.dstage\[4\].id.delayen1, 35.173, 62.56, 1.8
ringosc.dstage\[7\].id.delaybuf0, 35.173, 62.56, 1.8
ringosc.dstage\[7\].id.delayen1, 35.173, 62.56, 1.8
ringosc.dstage\[7\].id.delayenb0, 35.173, 62.56, 1.8
ringosc.dstage\[7\].id.delayenb1, 35.173, 62.56, 1.8
FILLER_0_20_85, 48.506, 62.56, 1.8
FILLER_0_20_91, 48.506, 62.56, 1.8
FILLER_0_21_83, 48.506, 62.56, 1.8
FILLER_0_21_99, 48.506, 62.56, 1.8
FILLER_0_22_103, 48.506, 62.56, 1.8
FILLER_0_22_94, 48.506, 62.56, 1.8
_307_, 48.506, 62.56, 1.8
_325_, 48.506, 62.56, 1.8
_330_, 48.506, 62.56, 1.8
_359_, 48.506, 62.56, 1.8
FILLER_0_21_154, 72.66, 62.56, 1.8
FILLER_0_22_149, 72.66, 62.56, 1.8
_350_, 72.66, 62.56, 1.8
ringosc.dstage\[2\].id.delayen1, 72.66, 62.56, 1.8
ringosc.dstage\[2\].id.delayenb0, 72.66, 62.56, 1.8
ringosc.dstage\[3\].id.delaybuf0, 72.66, 62.56, 1.8
ringosc.dstage\[8\].id.delaybuf0, 72.66, 62.56, 1.8
FILLER_0_21_163, 83.48, 62.56, 1.8
FILLER_0_21_177, 83.48, 62.56, 1.8
ringosc.dstage\[8\].id.delaybuf1, 83.48, 62.56, 1.8
ringosc.dstage\[8\].id.delayen0, 83.48, 62.56, 1.8
ringosc.dstage\[8\].id.delayenb1, 83.48, 62.56, 1.8
FILLER_0_20_3, 5.52, 57.12, 1.8
PHY_36, 5.52, 57.12, 1.8
PHY_38, 5.52, 57.12, 1.8
_320_, 5.52, 57.12, 1.8
ringosc.dstage\[5\].id.delayenb0, 5.52, 57.12, 1.8
FILLER_0_18_186, 94.3, 57.12, 1.8
PHY_37, 94.3, 57.12, 1.8
PHY_39, 94.3, 57.12, 1.8
FILLER_0_18_14, 13.68, 57.12, 1.8
FILLER_0_20_18, 13.68, 57.12, 1.8
_321_, 13.68, 57.12, 1.8
ringosc.dstage\[5\].id.delaybuf1, 13.68, 57.12, 1.8
FILLER_0_18_55, 35.173, 57.12, 1.8
FILLER_0_19_57, 35.173, 57.12, 1.8
FILLER_0_19_77, 35.173, 57.12, 1.8
FILLER_0_20_74, 35.173, 57.12, 1.8
_313_, 35.173, 57.12, 1.8
_323_, 35.173, 57.12, 1.8
_332_, 35.173, 57.12, 1.8
ringosc.dstage\[4\].id.delaybuf1, 35.173, 57.12, 1.8
ringosc.dstage\[4\].id.delayenb1, 35.173, 57.12, 1.8
ringosc.dstage\[4\].id.delayint0, 35.173, 57.12, 1.8
ringosc.dstage\[7\].id.delayen0, 35.173, 57.12, 1.8
FILLER_0_19_86, 48.506, 57.12, 1.8
FILLER_0_20_100, 48.506, 57.12, 1.8
_306_, 48.506, 57.12, 1.8
_314_, 48.506, 57.12, 1.8
_315_, 48.506, 57.12, 1.8
_319_, 48.506, 57.12, 1.8
_327_, 48.506, 57.12, 1.8
_345_, 48.506, 57.12, 1.8
ringosc.dstage\[3\].id.delayenb0, 48.506, 57.12, 1.8
FILLER_0_18_135, 72.66, 57.12, 1.8
FILLER_0_18_141, 72.66, 57.12, 1.8
FILLER_0_19_141, 72.66, 57.12, 1.8
FILLER_0_20_147, 72.66, 57.12, 1.8
ringosc.dstage\[2\].id.delaybuf1, 72.66, 57.12, 1.8
ringosc.dstage\[2\].id.delayenb1, 72.66, 57.12, 1.8
ringosc.dstage\[2\].id.delayint0, 72.66, 57.12, 1.8
ringosc.dstage\[8\].id.delayenb0, 72.66, 57.12, 1.8
FILLER_0_18_163, 83.48, 57.12, 1.8
FILLER_0_20_181, 83.48, 57.12, 1.8
ringosc.dstage\[8\].id.delayen1, 83.48, 57.12, 1.8
ringosc.dstage\[9\].id.delaybuf1, 83.48, 57.12, 1.8
ringosc.dstage\[9\].id.delayenb0, 83.48, 57.12, 1.8
ringosc.dstage\[9\].id.delayenb1, 83.48, 57.12, 1.8
FILLER_0_17_3, 5.52, 51.68, 1.8
FILLER_0_18_3, 5.52, 51.68, 1.8
PHY_32, 5.52, 51.68, 1.8
PHY_34, 5.52, 51.68, 1.8
ringosc.dstage\[5\].id.delayen0, 5.52, 51.68, 1.8
FILLER_0_16_187, 94.3, 51.68, 1.8
FILLER_0_17_187, 94.3, 51.68, 1.8
PHY_33, 94.3, 51.68, 1.8
PHY_35, 94.3, 51.68, 1.8
ringosc.dstage\[10\].id.delaybuf0, 94.3, 51.68, 1.8
FILLER_0_17_15, 13.68, 51.68, 1.8
ringosc.dstage\[5\].id.delayen1, 13.68, 51.68, 1.8
ringosc.dstage\[5\].id.delayenb1, 13.68, 51.68, 1.8
ringosc.dstage\[5\].id.delayint0, 13.68, 51.68, 1.8
ringosc.ibufp10, 13.68, 51.68, 1.8
FILLER_0_16_61, 35.173, 51.68, 1.8
FILLER_0_17_74, 35.173, 51.68, 1.8
FILLER_0_18_66, 35.173, 51.68, 1.8
_331_, 35.173, 51.68, 1.8
_333_, 35.173, 51.68, 1.8
_334_, 35.173, 51.68, 1.8
_340_, 35.173, 51.68, 1.8
ringosc.dstage\[1\].id.delaybuf1, 35.173, 51.68, 1.8
FILLER_0_16_93, 48.506, 51.68, 1.8
FILLER_0_17_90, 48.506, 51.68, 1.8
FILLER_0_18_100, 48.506, 51.68, 1.8
_316_, 48.506, 51.68, 1.8
_318_, 48.506, 51.68, 1.8
_326_, 48.506, 51.68, 1.8
_343_, 48.506, 51.68, 1.8
_344_, 48.506, 51.68, 1.8
FILLER_0_16_137, 72.66, 51.68, 1.8
FILLER_0_17_145, 72.66, 51.68, 1.8
FILLER_0_17_157, 72.66, 51.68, 1.8
FILLER_0_18_154, 72.66, 51.68, 1.8
_238_, 72.66, 51.68, 1.8
_354_, 72.66, 51.68, 1.8
_361_, 72.66, 51.68, 1.8
_363_, 72.66, 51.68, 1.8
fanout4, 72.66, 51.68, 1.8
FILLER_0_16_161, 83.48, 51.68, 1.8
FILLER_0_17_165, 83.48, 51.68, 1.8
FILLER_0_17_176, 83.48, 51.68, 1.8
FILLER_0_18_173, 83.48, 51.68, 1.8
_352_, 83.48, 51.68, 1.8
ringosc.dstage\[10\].id.delayen1, 83.48, 51.68, 1.8
ringosc.dstage\[9\].id.delayen0, 83.48, 51.68, 1.8
ringosc.dstage\[9\].id.delayen1, 83.48, 51.68, 1.8
FILLER_0_15_3, 5.52, 46.24, 1.8
FILLER_0_16_3, 5.52, 46.24, 1.8
PHY_28, 5.52, 46.24, 1.8
PHY_30, 5.52, 46.24, 1.8
fanout23, 5.52, 46.24, 1.8
FILLER_0_14_186, 94.3, 46.24, 1.8
PHY_29, 94.3, 46.24, 1.8
PHY_31, 94.3, 46.24, 1.8
ringosc.dstage\[10\].id.delayint0, 94.3, 46.24, 1.8
FILLER_0_14_16, 13.68, 46.24, 1.8
FILLER_0_15_18, 13.68, 46.24, 1.8
_298_, 13.68, 46.24, 1.8
ringosc.dstage\[1\].id.delayenb0, 13.68, 46.24, 1.8
FILLER_0_14_50, 35.173, 46.24, 1.8
FILLER_0_14_60, 35.173, 46.24, 1.8
FILLER_0_15_53, 35.173, 46.24, 1.8
FILLER_0_15_57, 35.173, 46.24, 1.8
FILLER_0_15_76, 35.173, 46.24, 1.8
FILLER_0_16_75, 35.173, 46.24, 1.8
_301_, 35.173, 46.24, 1.8
_305_, 35.173, 46.24, 1.8
_329_, 35.173, 46.24, 1.8
_336_, 35.173, 46.24, 1.8
_339_, 35.173, 46.24, 1.8
ringosc.dstage\[0\].id.delaybuf0, 35.173, 46.24, 1.8
FILLER_0_14_81, 48.506, 46.24, 1.8
FILLER_0_14_89, 48.506, 46.24, 1.8
FILLER_0_15_91, 48.506, 46.24, 1.8
FILLER_0_15_98, 48.506, 46.24, 1.8
FILLER_0_16_106, 48.506, 46.24, 1.8
_183_, 48.506, 46.24, 1.8
_235_, 48.506, 46.24, 1.8
_259_, 48.506, 46.24, 1.8
_304_, 48.506, 46.24, 1.8
_310_, 48.506, 46.24, 1.8
_335_, 48.506, 46.24, 1.8
_357_, 48.506, 46.24, 1.8
ANTENNA_1, 72.66, 46.24, 1.8
FILLER_0_14_136, 72.66, 46.24, 1.8
FILLER_0_15_139, 72.66, 46.24, 1.8
FILLER_0_15_151, 72.66, 46.24, 1.8
FILLER_0_15_157, 72.66, 46.24, 1.8
FILLER_0_16_146, 72.66, 46.24, 1.8
_184_, 72.66, 46.24, 1.8
_303_, 72.66, 46.24, 1.8
_312_, 72.66, 46.24, 1.8
_338_, 72.66, 46.24, 1.8
_362_, 72.66, 46.24, 1.8
FILLER_0_14_165, 83.48, 46.24, 1.8
FILLER_0_16_175, 83.48, 46.24, 1.8
_364_, 83.48, 46.24, 1.8
ringosc.dstage\[10\].id.delaybuf1, 83.48, 46.24, 1.8
ringosc.dstage\[10\].id.delayenb0, 83.48, 46.24, 1.8
ringosc.dstage\[10\].id.delayenb1, 83.48, 46.24, 1.8
ringosc.iss.delayen1, 83.48, 46.24, 1.8
FILLER_0_13_3, 5.52, 40.8, 1.8
FILLER_0_14_3, 5.52, 40.8, 1.8
PHY_24, 5.52, 40.8, 1.8
PHY_26, 5.52, 40.8, 1.8
fanout22, 5.52, 40.8, 1.8
FILLER_0_12_187, 94.3, 40.8, 1.8
FILLER_0_13_186, 94.3, 40.8, 1.8
PHY_25, 94.3, 40.8, 1.8
PHY_27, 94.3, 40.8, 1.8
ringosc.dstage\[11\].id.delaybuf0, 94.3, 40.8, 1.8
ringosc.dstage\[11\].id.delayint0, 94.3, 40.8, 1.8
FILLER_0_12_17, 13.68, 40.8, 1.8
FILLER_0_13_17, 13.68, 40.8, 1.8
_234_, 13.68, 40.8, 1.8
_309_, 13.68, 40.8, 1.8
ringosc.ibufp11, 13.68, 40.8, 1.8
FILLER_0_12_58, 35.173, 40.8, 1.8
FILLER_0_13_61, 35.173, 40.8, 1.8
FILLER_0_13_75, 35.173, 40.8, 1.8
_241_, 35.173, 40.8, 1.8
_300_, 35.173, 40.8, 1.8
_322_, 35.173, 40.8, 1.8
fanout2, 35.173, 40.8, 1.8
fanout21, 35.173, 40.8, 1.8
ringosc.dstage\[0\].id.delaybuf1, 35.173, 40.8, 1.8
ringosc.dstage\[0\].id.delayen1, 35.173, 40.8, 1.8
ringosc.dstage\[0\].id.delayenb1, 35.173, 40.8, 1.8
FILLER_0_13_106, 48.506, 40.8, 1.8
FILLER_0_13_85, 48.506, 40.8, 1.8
FILLER_0_14_101, 48.506, 40.8, 1.8
_251_, 48.506, 40.8, 1.8
_261_, 48.506, 40.8, 1.8
_262_, 48.506, 40.8, 1.8
_358_, 48.506, 40.8, 1.8
fanout3, 48.506, 40.8, 1.8
FILLER_0_13_150, 72.66, 40.8, 1.8
FILLER_0_14_157, 72.66, 40.8, 1.8
_258_, 72.66, 40.8, 1.8
_268_, 72.66, 40.8, 1.8
_271_, 72.66, 40.8, 1.8
_337_, 72.66, 40.8, 1.8
_366_, 72.66, 40.8, 1.8
ringosc.iss.delayenb1, 72.66, 40.8, 1.8
FILLER_0_12_168, 83.48, 40.8, 1.8
FILLER_0_13_173, 83.48, 40.8, 1.8
fanout17, 83.48, 40.8, 1.8
ringosc.dstage\[10\].id.delayen0, 83.48, 40.8, 1.8
ringosc.iss.delayint0, 83.48, 40.8, 1.8
FILLER_0_11_3, 5.52, 35.36, 1.8
FILLER_0_12_3, 5.52, 35.36, 1.8
PHY_20, 5.52, 35.36, 1.8
PHY_22, 5.52, 35.36, 1.8
_196_, 5.52, 35.36, 1.8
FILLER_0_11_186, 94.3, 35.36, 1.8
PHY_21, 94.3, 35.36, 1.8
PHY_23, 94.3, 35.36, 1.8
ringosc.dstage\[11\].id.delayen1, 94.3, 35.36, 1.8
_214_, 13.68, 35.36, 1.8
_232_, 13.68, 35.36, 1.8
_248_, 13.68, 35.36, 1.8
_299_, 13.68, 35.36, 1.8
FILLER_0_10_50, 35.173, 35.36, 1.8
FILLER_0_10_62, 35.173, 35.36, 1.8
FILLER_0_11_52, 35.173, 35.36, 1.8
FILLER_0_11_57, 35.173, 35.36, 1.8
FILLER_0_11_65, 35.173, 35.36, 1.8
FILLER_0_11_76, 35.173, 35.36, 1.8
FILLER_0_12_77, 35.173, 35.36, 1.8
_244_, 35.173, 35.36, 1.8
_253_, 35.173, 35.36, 1.8
_254_, 35.173, 35.36, 1.8
_278_, 35.173, 35.36, 1.8
_279_, 35.173, 35.36, 1.8
FILLER_0_10_85, 48.506, 35.36, 1.8
FILLER_0_11_105, 48.506, 35.36, 1.8
FILLER_0_12_104, 48.506, 35.36, 1.8
_260_, 48.506, 35.36, 1.8
_275_, 48.506, 35.36, 1.8
_276_, 48.506, 35.36, 1.8
_277_, 48.506, 35.36, 1.8
fanout1, 48.506, 35.36, 1.8
FILLER_0_10_136, 72.66, 35.36, 1.8
FILLER_0_11_144, 72.66, 35.36, 1.8
FILLER_0_11_155, 72.66, 35.36, 1.8
_269_, 72.66, 35.36, 1.8
_270_, 72.66, 35.36, 1.8
_311_, 72.66, 35.36, 1.8
fanout28, 72.66, 35.36, 1.8
ringosc.iss.delayen0, 72.66, 35.36, 1.8
FILLER_0_11_164, 83.48, 35.36, 1.8
ringosc.dstage\[11\].id.delayen0, 83.48, 35.36, 1.8
ringosc.dstage\[11\].id.delayenb0, 83.48, 35.36, 1.8
ringosc.iss.ctrlen0, 83.48, 35.36, 1.8
ringosc.iss.delaybuf0, 83.48, 35.36, 1.8
ringosc.iss.delayenb0, 83.48, 35.36, 1.8
FILLER_0_10_3, 5.52, 29.92, 1.8
FILLER_0_9_3, 5.52, 29.92, 1.8
PHY_16, 5.52, 29.92, 1.8
PHY_18, 5.52, 29.92, 1.8
_231_, 5.52, 29.92, 1.8
FILLER_0_8_186, 94.3, 29.92, 1.8
PHY_17, 94.3, 29.92, 1.8
PHY_19, 94.3, 29.92, 1.8
ringosc.dstage\[11\].id.delaybuf1, 94.3, 29.92, 1.8
FILLER_0_10_20, 13.68, 29.92, 1.8
FILLER_0_8_11, 13.68, 29.92, 1.8
FILLER_0_9_17, 13.68, 29.92, 1.8
_221_, 13.68, 29.92, 1.8
_223_, 13.68, 29.92, 1.8
FILLER_0_8_52, 35.173, 29.92, 1.8
FILLER_0_9_64, 35.173, 29.92, 1.8
FILLER_0_9_77, 35.173, 29.92, 1.8
_198_, 35.173, 29.92, 1.8
_200_, 35.173, 29.92, 1.8
_249_, 35.173, 29.92, 1.8
_280_, 35.173, 29.92, 1.8
_400_, 35.173, 29.92, 1.8
ANTENNA__400__CLK, 48.506, 29.92, 1.8
FILLER_0_10_97, 48.506, 29.92, 1.8
FILLER_0_9_88, 48.506, 29.92, 1.8
FILLER_0_9_97, 48.506, 29.92, 1.8
_243_, 48.506, 29.92, 1.8
_250_, 48.506, 29.92, 1.8
_273_, 48.506, 29.92, 1.8
_282_, 48.506, 29.92, 1.8
_378_, 48.506, 29.92, 1.8
fanout30, 48.506, 29.92, 1.8
ANTENNA__404__CLK, 72.66, 29.92, 1.8
FILLER_0_10_156, 72.66, 29.92, 1.8
FILLER_0_9_150, 72.66, 29.92, 1.8
_272_, 72.66, 29.92, 1.8
_404_, 72.66, 29.92, 1.8
fanout12, 72.66, 29.92, 1.8
fanout25, 72.66, 29.92, 1.8
FILLER_0_8_163, 83.48, 29.92, 1.8
FILLER_0_9_169, 83.48, 29.92, 1.8
FILLER_0_9_181, 83.48, 29.92, 1.8
_365_, 83.48, 29.92, 1.8
fanout10, 83.48, 29.92, 1.8
ringosc.dstage\[11\].id.delayenb1, 83.48, 29.92, 1.8
ringosc.iss.reseten0, 83.48, 29.92, 1.8
FILLER_0_7_8, 5.52, 24.48, 1.8
FILLER_0_8_3, 5.52, 24.48, 1.8
PHY_12, 5.52, 24.48, 1.8
PHY_14, 5.52, 24.48, 1.8
_187_, 5.52, 24.48, 1.8
_188_, 5.52, 24.48, 1.8
FILLER_0_6_186, 94.3, 24.48, 1.8
PHY_13, 94.3, 24.48, 1.8
PHY_15, 94.3, 24.48, 1.8
FILLER_0_6_11, 13.68, 24.48, 1.8
FILLER_0_7_15, 13.68, 24.48, 1.8
FILLER_0_7_25, 13.68, 24.48, 1.8
FILLER_0_8_22, 13.68, 24.48, 1.8
_220_, 13.68, 24.48, 1.8
_222_, 13.68, 24.48, 1.8
FILLER_0_7_67, 35.173, 24.48, 1.8
_192_, 35.173, 24.48, 1.8
_201_, 35.173, 24.48, 1.8
_377_, 35.173, 24.48, 1.8
FILLER_0_8_103, 48.506, 24.48, 1.8
_242_, 48.506, 24.48, 1.8
_281_, 48.506, 24.48, 1.8
_376_, 48.506, 24.48, 1.8
_399_, 48.506, 24.48, 1.8
_401_, 48.506, 24.48, 1.8
fanout26, 48.506, 24.48, 1.8
ringosc.ibufp01, 48.506, 24.48, 1.8
ANTENNA__403__CLK, 72.66, 24.48, 1.8
ANTENNA__405__CLK, 72.66, 24.48, 1.8
FILLER_0_7_157, 72.66, 24.48, 1.8
_403_, 72.66, 24.48, 1.8
_405_, 72.66, 24.48, 1.8
FILLER_0_7_165, 83.48, 24.48, 1.8
FILLER_0_8_177, 83.48, 24.48, 1.8
_380_, 83.48, 24.48, 1.8
_381_, 83.48, 24.48, 1.8
ringosc.iss.const1, 83.48, 24.48, 1.8
FILLER_0_5_3, 5.52, 19.04, 1.8
FILLER_0_6_3, 5.52, 19.04, 1.8
PHY_10, 5.52, 19.04, 1.8
PHY_8, 5.52, 19.04, 1.8
_225_, 5.52, 19.04, 1.8
_230_, 5.52, 19.04, 1.8
FILLER_0_4_185, 94.3, 19.04, 1.8
FILLER_0_5_187, 94.3, 19.04, 1.8
PHY_11, 94.3, 19.04, 1.8
PHY_9, 94.3, 19.04, 1.8
FILLER_0_5_12, 13.68, 19.04, 1.8
_191_, 13.68, 19.04, 1.8
_247_, 13.68, 19.04, 1.8
_413_, 13.68, 19.04, 1.8
ANTENNA__412__CLK, 35.173, 19.04, 1.8
FILLER_0_4_54, 35.173, 19.04, 1.8
FILLER_0_5_51, 35.173, 19.04, 1.8
FILLER_0_5_62, 35.173, 19.04, 1.8
FILLER_0_6_77, 35.173, 19.04, 1.8
_203_, 35.173, 19.04, 1.8
_375_, 35.173, 19.04, 1.8
_389_, 35.173, 19.04, 1.8
_398_, 35.173, 19.04, 1.8
ANTENNA__399__CLK, 48.506, 19.04, 1.8
FILLER_0_4_85, 48.506, 19.04, 1.8
_284_, 48.506, 19.04, 1.8
_287_, 48.506, 19.04, 1.8
_288_, 48.506, 19.04, 1.8
fanout7, 48.506, 19.04, 1.8
ANTENNA__393__CLK, 72.66, 19.04, 1.8
_392_, 72.66, 19.04, 1.8
_393_, 72.66, 19.04, 1.8
fanout24, 72.66, 19.04, 1.8
FILLER_0_4_162, 83.48, 19.04, 1.8
FILLER_0_5_158, 83.48, 19.04, 1.8
FILLER_0_5_179, 83.48, 19.04, 1.8
_245_, 83.48, 19.04, 1.8
_295_, 83.48, 19.04, 1.8
_370_, 83.48, 19.04, 1.8
FILLER_0_3_3, 5.52, 13.6, 1.8
FILLER_0_4_3, 5.52, 13.6, 1.8
PHY_4, 5.52, 13.6, 1.8
PHY_6, 5.52, 13.6, 1.8
_189_, 5.52, 13.6, 1.8
_228_, 5.52, 13.6, 1.8
FILLER_0_2_187, 94.3, 13.6, 1.8
FILLER_0_3_183, 94.3, 13.6, 1.8
PHY_5, 94.3, 13.6, 1.8
PHY_7, 94.3, 13.6, 1.8
FILLER_0_2_12, 13.68, 13.6, 1.8
FILLER_0_3_17, 13.68, 13.6, 1.8
FILLER_0_4_19, 13.68, 13.6, 1.8
_227_, 13.68, 13.6, 1.8
_229_, 13.68, 13.6, 1.8
_246_, 13.68, 13.6, 1.8
FILLER_0_2_52, 35.173, 13.6, 1.8
FILLER_0_2_60, 35.173, 13.6, 1.8
FILLER_0_3_52, 35.173, 13.6, 1.8
FILLER_0_3_57, 35.173, 13.6, 1.8
FILLER_0_3_65, 35.173, 13.6, 1.8
FILLER_0_3_77, 35.173, 13.6, 1.8
FILLER_0_4_67, 35.173, 13.6, 1.8
FILLER_0_4_77, 35.173, 13.6, 1.8
_182_, 35.173, 13.6, 1.8
_202_, 35.173, 13.6, 1.8
_204_, 35.173, 13.6, 1.8
_215_, 35.173, 13.6, 1.8
_285_, 35.173, 13.6, 1.8
_371_, 35.173, 13.6, 1.8
FILLER_0_2_90, 48.506, 13.6, 1.8
FILLER_0_3_85, 48.506, 13.6, 1.8
FILLER_0_3_96, 48.506, 13.6, 1.8
_193_, 48.506, 13.6, 1.8
_283_, 48.506, 13.6, 1.8
_286_, 48.506, 13.6, 1.8
_290_, 48.506, 13.6, 1.8
_397_, 48.506, 13.6, 1.8
fanout14, 48.506, 13.6, 1.8
ANTENNA__391__CLK, 72.66, 13.6, 1.8
ANTENNA__392__CLK, 72.66, 13.6, 1.8
FILLER_0_2_145, 72.66, 13.6, 1.8
_384_, 72.66, 13.6, 1.8
_391_, 72.66, 13.6, 1.8
FILLER_0_3_159, 83.48, 13.6, 1.8
FILLER_0_3_169, 83.48, 13.6, 1.8
_296_, 83.48, 13.6, 1.8
_297_, 83.48, 13.6, 1.8
_368_, 83.48, 13.6, 1.8
fanout8, 83.48, 13.6, 1.8
FILLER_0_0_3, 5.52, 8.16, 1.8
FILLER_0_1_3, 5.52, 8.16, 1.8
FILLER_0_2_3, 5.52, 8.16, 1.8
PHY_0, 5.52, 8.16, 1.8
PHY_2, 5.52, 8.16, 1.8
_226_, 5.52, 8.16, 1.8
_414_, 5.52, 8.16, 1.8
PHY_1, 94.3, 8.16, 1.8
PHY_3, 94.3, 8.16, 1.8
ANTENNA__414__A, 13.68, 8.16, 1.8
FILLER_0_0_25, 13.68, 8.16, 1.8
_195_, 13.68, 8.16, 1.8
_206_, 13.68, 8.16, 1.8
_409_, 13.68, 8.16, 1.8
ANTENNA__410__CLK, 35.173, 8.16, 1.8
FILLER_0_0_50, 35.173, 8.16, 1.8
FILLER_0_1_62, 35.173, 8.16, 1.8
FILLER_0_1_76, 35.173, 8.16, 1.8
FILLER_0_2_66, 35.173, 8.16, 1.8
_289_, 35.173, 8.16, 1.8
_292_, 35.173, 8.16, 1.8
_294_, 35.173, 8.16, 1.8
_394_, 35.173, 8.16, 1.8
ANTENNA__394__CLK, 48.506, 8.16, 1.8
ANTENNA__395__CLK, 48.506, 8.16, 1.8
FILLER_0_0_81, 48.506, 8.16, 1.8
FILLER_0_0_85, 48.506, 8.16, 1.8
FILLER_0_0_95, 48.506, 8.16, 1.8
FILLER_0_1_102, 48.506, 8.16, 1.8
_291_, 48.506, 8.16, 1.8
_293_, 48.506, 8.16, 1.8
_372_, 48.506, 8.16, 1.8
_373_, 48.506, 8.16, 1.8
_395_, 48.506, 8.16, 1.8
_396_, 48.506, 8.16, 1.8
ANTENNA__407__CLK, 72.66, 8.16, 1.8
ANTENNA__408__CLK, 72.66, 8.16, 1.8
FILLER_0_1_157, 72.66, 8.16, 1.8
FILLER_0_2_152, 72.66, 8.16, 1.8
_190_, 72.66, 8.16, 1.8
_385_, 72.66, 8.16, 1.8
_407_, 72.66, 8.16, 1.8
_408_, 72.66, 8.16, 1.8
FILLER_0_0_162, 83.48, 8.16, 1.8
FILLER_0_0_181, 83.48, 8.16, 1.8
FILLER_0_1_165, 83.48, 8.16, 1.8
FILLER_0_1_181, 83.48, 8.16, 1.8

