
===========================================================================
 report_power
============================================================================
======================= Fastest Corner ===================================

Group                  Internal  Switching    Leakage      Total
                          Power      Power      Power      Power (Watts)
----------------------------------------------------------------
Sequential             1.00e-02   1.06e-03   5.66e-06   1.11e-02  20.1%
Combinational          1.92e-02   2.50e-02   1.36e-06   4.42e-02  79.9%
Macro                  0.00e+00   0.00e+00   0.00e+00   0.00e+00   0.0%
Pad                    0.00e+00   0.00e+00   0.00e+00   0.00e+00   0.0%
----------------------------------------------------------------
Total                  2.92e-02   2.61e-02   7.02e-06   5.53e-02 100.0%
                          52.8%      47.2%       0.0%

======================= Slowest Corner ===================================

Group                  Internal  Switching    Leakage      Total
                          Power      Power      Power      Power (Watts)
----------------------------------------------------------------
Sequential             6.86e-03   7.00e-04   7.32e-05   7.63e-03  20.0%
Combinational          1.36e-02   1.67e-02   2.63e-04   3.06e-02  80.0%
Macro                  0.00e+00   0.00e+00   0.00e+00   0.00e+00   0.0%
Pad                    0.00e+00   0.00e+00   0.00e+00   0.00e+00   0.0%
----------------------------------------------------------------
Total                  2.05e-02   1.74e-02   3.36e-04   3.82e-02 100.0%
                          53.5%      45.6%       0.9%

======================= Typical Corner ===================================

Group                  Internal  Switching    Leakage      Total
                          Power      Power      Power      Power (Watts)
----------------------------------------------------------------
Sequential             8.69e-03   8.94e-04   5.63e-06   9.59e-03  20.1%
Combinational          1.68e-02   2.13e-02   8.86e-07   3.81e-02  79.9%
Macro                  0.00e+00   0.00e+00   0.00e+00   0.00e+00   0.0%
Pad                    0.00e+00   0.00e+00   0.00e+00   0.00e+00   0.0%
----------------------------------------------------------------
Total                  2.55e-02   2.22e-02   6.51e-06   4.77e-02 100.0%
                          53.5%      46.5%       0.0%

