
===========================================================================
report_clock_skew
============================================================================
Clock clk
Latency      CRPR       Skew
openframe_example/_35223_/CLK ^
  13.24
openframe_example/_35250_/CLK ^
   5.31     -0.54       7.38

Clock clk_hkspi_sck
Latency      CRPR       Skew
openframe_example/_35302_/CLK ^
   3.84
openframe_example/_35303_/CLK ^
   2.26     -0.28       1.31

Clock dll_clk
Latency      CRPR       Skew
openframe_example/_35276_/CLK ^
   4.59
openframe_example/_35282_/CLK ^
   1.20     -0.12       3.28

Clock dll_clk90
Latency      CRPR       Skew
openframe_example/_35131_/CLK ^
   6.63
openframe_example/_35182_/CLK ^
   2.18     -0.17       4.28

